<?xml version="1.0" encoding="UTF-8"?>
<!-- Generated by org.testng.reporters.JUnitXMLReporter -->
<testsuite ignored="2" hostname="LAPTOP-T7PI7EN2" failures="1" tests="5" name="LoginTest" time="44.733" errors="0" timestamp="2024-11-02T13:29:58 IST">
  <testcase classname="testcases.LoginTest" name="useridtest" time="6.383"/>
  <testcase classname="testcases.LoginTest" name="passwordtest" time="5.183"/>
  <testcase classname="testcases.ProductSearchTest" name="searchProducts" time="7.6"/>
  <testcase classname="testcases.ProductSearchTest" name="searchProducts" time="14.115">
    <failure type="java.util.NoSuchElementException">
      <![CDATA[java.util.NoSuchElementException
at java.base/java.util.ArrayList$Itr.next(ArrayList.java:970)
at testcases.ProductSearchTest.searchResult(ProductSearchTest.java:52)
at testcases.ProductSearchTest.searchProducts(ProductSearchTest.java:36)
at java.base/java.util.ArrayList.forEach(ArrayList.java:1511)
... Removed 27 stack frames]]>
    </failure>
  </testcase> <!-- searchProducts -->
  <testcase classname="testcases.ProductSearchTest" name="searchProducts" time="6.337"/>
  <testcase classname="core.Page" name="@AfterTest closeBrowser" time="0.0">
    <ignored/>
  </testcase> <!-- @AfterTest closeBrowser -->
  <testcase classname="core.Page" name="@BeforeTest openBrowser" time="0.0">
    <ignored/>
  </testcase> <!-- @BeforeTest openBrowser -->
</testsuite> <!-- LoginTest -->
